
> jsFun@1.0.0 test /Users/ashtonbailey/Documents/Turing/2mod2/jsFun
> ./node_modules/mocha/bin/mocha test/ --reporter dot --require mocha-clean



  ․!,!․․!․!,․!!!!!․!․․!!!․!!!․․․․․․․․!․․!!!!!!!․․

  21 passing (29ms)
  2 pending
  24 failing

  1) CONTEXT
       exerciseB:

      AssertionError: expected 'fn' to equal 'global window object'
      + expected - actual

      -fn
      +global window object
      
      at Context.it (test/context-test.js:12:23)

  2) CONTEXT
       exerciseD:

      AssertionError: expected 'dog' to equal 'global window object'
      + expected - actual

      -dog
      +global window object
      
      at Context.it (test/context-test.js:22:23)

  3) CONTEXT
       exerciseG:

      AssertionError: expected 'monopoly' to equal 'global window object'
      + expected - actual

      -monopoly
      +global window object
      
      at Context.it (test/context-test.js:37:23)

  4) CONTEXT
       exerciseI:

      AssertionError: expected 'REPLACE WITH YOUR RESULT HERE' to equal 'poets'
      + expected - actual

      -REPLACE WITH YOUR RESULT HERE
      +poets
      
      at Context.it (test/context-test.js:47:23)

  5) PROTOTYPES
       Turing Prompts
         studentsPerInstructor:
     AssertionError: expected 'REPLACE WITH YOUR RESULT HERE' to deeply equal { Object (cohort1806, cohort1804, ...) }
      at Context.it (test/prototype-test.js:19:30)

  6) PROTOTYPES
       Turing Prompts
         modulesPerTeacher:
     AssertionError: expected 'REPLACE WITH YOUR RESULT HERE' to deeply equal { Object (Pam, Brittany, ...) }
      at Context.it (test/prototype-test.js:24:30)

  7) PROTOTYPES
       Turing Prompts
         curriculumPerTeacher:
     AssertionError: expected 'REPLACE WITH YOUR RESULT HERE' to deeply equal { Object (html, css, ...) }
      at Context.it (test/prototype-test.js:29:30)

  8) PROTOTYPES
       Club Prompts
         membersBelongingToClubs:
     AssertionError: expected { Object (Louisa, Pam, ...) } to deeply equal undefined
      at Context.it (test/prototype-test.js:37:30)

  9) PROTOTYPES
       Boss Prompts
         bossLoyalty:
     AssertionError: expected 'REPLACE WITH YOUR RESULT HERE' to deeply equal [ Array(3) ]
      at Context.it (test/prototype-test.js:45:30)

  10) PROTOTYPES
       Class Prompts
         totalCapacities:

      AssertionError: expected { feCapacity: 110, beCapacity: 96 } to deeply equal { FE: 110, BE: 96 }
      + expected - actual

       {
      -  "beCapacity": 96
      -  "feCapacity": 110
      +  "BE": 96
      +  "FE": 110
       }
      
      at Context.it (test/prototype-test.js:58:30)

  11) PROTOTYPES
       Kitty Prompts
         orangeKittyNames:
     AssertionError: expected 'REPLACE WITH YOUR RESULT HERE' to deeply equal [ 'Tiger', 'Snickers' ]
      at Context.it (test/prototype-test.js:80:30)

  12) PROTOTYPES
       Kitty Prompts
         sortByAge:
     AssertionError: expected 'REPLACE WITH YOUR RESULT HERE' to deeply equal [ Array(4) ]
      at Context.it (test/prototype-test.js:85:30)

  13) PROTOTYPES
       Kitty Prompts
         growUp:
     AssertionError: expected undefined to deeply equal [ Array(4) ]
      at Context.it (test/prototype-test.js:90:30)

  14) PROTOTYPES
       Astronomy Prompts
         starsInConstellations:
     AssertionError: expected 'REPLACE WITH YOUR RESULT HERE' to deeply equal [ Array(2) ]
      at Context.it (test/prototype-test.js:106:30)

  15) PROTOTYPES
       Astronomy Prompts
         starsByColor:
     AssertionError: expected 'REPLACE WITH YOUR RESULT HERE' to deeply equal { Object (blue, white, ...) }
      at Context.it (test/prototype-test.js:111:30)

  16) PROTOTYPES
       Astronomy Prompts
         constellationsStarsExistIn:
     AssertionError: expected 'REPLACE WITH YOUR RESULT HERE' to deeply equal [ Array(11) ]
      at Context.it (test/prototype-test.js:116:30)

  17) SCOPE
       exerciseD:
     AssertionError: expected 'REPLACE WITH YOUR RESULT HERE' to deeply equal [ Array(4) ]
      at Context.it (test/scope-test.js:37:28)

  18) SCOPE
       exerciseG:

      AssertionError: expected [ Array(4) ] to deeply equal [ Array(4) ]
      + expected - actual

       [
         {
      -    "A": "mango"
      +    "A": "reference error"
         }
         {
           "B": "mango"
         }
      
      at Context.it (test/scope-test.js:68:28)

  19) SCOPE
       exerciseH:

      AssertionError: expected [ Array(5) ] to deeply equal [ Array(5) ]
      + expected - actual

         {
           "E": 10
         }
         {
      -    "B": 10
      +    "B": 9
         }
         {
           "C": 4
         }
      
      at Context.it (test/scope-test.js:78:28)

  20) SCOPE
       exerciseI:
     AssertionError: expected 'REPLACE WITH YOUR RESULT HERE' to deeply equal [ Array(8) ]
      at Context.it (test/scope-test.js:89:28)

  21) SCOPE
       exerciseJ:
     AssertionError: expected 'REPLACE WITH YOUR RESULT HERE' to deeply equal [ Array(6) ]
      at Context.it (test/scope-test.js:103:28)

  22) SCOPE
       exerciseK:
     AssertionError: expected 'REPLACE WITH YOUR RESULT HERE' to deeply equal [ { A: 7 }, { B: 7 } ]
      at Context.it (test/scope-test.js:115:28)

  23) SCOPE
       exerciseL:
     AssertionError: expected 'REPLACE WITH YOUR RESULT HERE' to deeply equal [ { A: 95 }, { B: 90 }, { C: 90 } ]
      at Context.it (test/scope-test.js:123:28)

  24) SCOPE
       exerciseM:
     AssertionError: expected 'REPLACE WITH YOUR RESULT HERE' to deeply equal [ Array(4) ]
      at Context.it (test/scope-test.js:132:28)



